Mon 7 16:13:26 [INFO] array (
  'name' => '孙单单',
  'tel' => '18238326201',
  'company' => 'soolife',
  'work' => 'php',
  'address' => '山西省 太原市 迎泽区',
  'message' => 'cdsfsdfgdx',
)
Mon 7 16:34:02 [INFO] array (
  'name' => '孙单单',
  'tel' => '18238326201',
  'company' => 'soolife',
  'work' => 'php',
  'address' => '吉林省 长春市 朝阳区',
  'message' => 'dfdsdfsfc',
)
Mon 7 16:34:58 [INFO] array (
  'name' => '孙单单',
  'tel' => '18238326201',
  'company' => 'soolife',
  'work' => 'php',
  'address' => '吉林省 长春市 朝阳区',
  'message' => 'dfdsdfsfc',
)
Mon 7 16:36:30 [INFO] array (
  'name' => '孙单单',
  'tel' => '18238326201',
  'company' => 'soolife',
  'work' => 'php',
  'address' => '吉林省 长春市 朝阳区',
  'message' => 'dfdsdfsfc',
)
Mon 7 16:37:19 [INFO] array (
  'name' => '孙单单',
  'tel' => '18238326201',
  'company' => 'soolife',
  'work' => 'php',
  'address' => '吉林省 长春市 朝阳区',
  'message' => 'dfdsdfsfc',
)
Mon 7 16:37:51 [INFO] array (
  'name' => '孙单单',
  'tel' => '18238326201',
  'company' => 'soolife',
  'work' => 'php',
  'address' => '吉林省 长春市 朝阳区',
  'message' => 'dfdsdfsfc',
)
Mon 7 16:39:04 [INFO] array (
  'name' => '孙单单',
  'tel' => '18238326201',
  'company' => 'soolife',
  'work' => 'php',
  'address' => '吉林省 长春市 朝阳区',
  'message' => 'dfdsdfsfc',
)
Mon 7 16:39:14 [INFO] array (
  'name' => '孙单单',
  'tel' => '18238326201',
  'company' => 'soolife',
  'work' => 'php',
  'address' => '吉林省 长春市 朝阳区',
  'message' => 'dfdsdfsfc',
)
Mon 7 16:40:11 [INFO] array (
  'name' => '孙单单',
  'tel' => '18238326201',
  'company' => 'soolife',
  'work' => 'php',
  'address' => '吉林省 长春市 朝阳区',
  'message' => 'dfdsdfsfc',
)
Mon 7 16:40:56 [INFO] array (
  'name' => '孙单单',
  'tel' => '18238326201',
  'company' => 'soolife',
  'work' => 'php',
  'address' => '吉林省 长春市 朝阳区',
  'message' => 'dfdsdfsfc',
)
Mon 7 16:47:50 [INFO] array (
  'name' => '孙单单',
  'tel' => '18238326201',
  'company' => 'soolife',
  'work' => 'php',
  'address' => '吉林省 长春市 朝阳区',
  'message' => 'dfdsdfsfc',
)
Mon 7 16:48:00 [INFO] array (
  'name' => '孙单单',
  'tel' => '18238326201',
  'company' => 'soolife',
  'work' => 'php',
  'address' => '吉林省 长春市 朝阳区',
  'message' => 'dfdsdfsfc',
)
Mon 7 16:50:22 [INFO] array (
  'name' => '孙单单',
  'tel' => '18238326201',
  'company' => 'soolife',
  'work' => 'php',
  'address' => '上海市 市辖区 嘉定区',
  'message' => 'hujf新的粉色发多少V型范德萨范德萨',
)
Mon 7 16:51:02 [INFO] array (
  'name' => '孙单单',
  'tel' => '18238326201',
  'company' => 'soolife',
  'work' => 'php',
  'address' => '上海市 市辖区 嘉定区',
  'message' => 'hujf新的粉色发多少V型范德萨范德萨',
)
Mon 7 16:52:03 [INFO] array (
  'name' => '孙单单',
  'tel' => '18238326201',
  'company' => 'soolife',
  'work' => 'php',
  'address' => '上海市 市辖区 嘉定区',
  'message' => 'hujf新的粉色发多少V型范德萨范德萨',
)
Mon 7 16:52:09 [INFO] array (
  'name' => '孙单单',
  'tel' => '18238326201',
  'company' => 'soolife',
  'work' => 'php',
  'address' => '上海市 市辖区 嘉定区',
  'message' => 'hujf新的粉色发多少V型范德萨范德萨',
)
Mon 7 16:57:15 [INFO] array (
  'name' => '孙单单',
  'tel' => '18238326201',
  'company' => 'soolife',
  'work' => 'php',
  'address' => '上海市 市辖区 嘉定区',
  'message' => 'hujf新的粉色发多少V型范德萨范德萨',
)
Mon 7 16:58:55 [INFO] array (
  'name' => '孙单单',
  'tel' => '18238326201',
  'company' => 'soolife',
  'work' => 'php',
  'address' => '上海市 市辖区 嘉定区',
  'message' => 'hujf新的粉色发多少V型范德萨范德萨',
)
Mon 7 16:59:23 [INFO] array (
  'name' => '孙单单',
  'tel' => '18238326201',
  'company' => 'soolife',
  'work' => 'php',
  'address' => '',
  'message' => '',
)
Mon 7 16:59:40 [INFO] array (
  'name' => '孙单单',
  'tel' => '18238326201',
  'company' => 'soolife',
  'work' => 'php',
  'address' => '山西省 太原市 杏花岭区',
  'message' => '是GV度开始改变速度和',
)
Mon 7 17:00:00 [INFO] array (
  'name' => '孙单单',
  'tel' => '18238326201',
  'company' => 'soolife',
  'work' => 'php',
  'address' => '山西省 太原市 杏花岭区',
  'message' => '是GV度开始改变速度和',
)
Mon 7 17:02:06 [INFO] array (
  'name' => '孙单单',
  'tel' => '18238326201',
  'company' => 'soolife',
  'work' => 'php',
  'address' => '山西省 太原市 杏花岭区',
  'message' => '是GV度开始改变速度和',
)
Mon 7 17:02:19 [INFO] array (
  'name' => '孙单单',
  'tel' => '18238326201',
  'company' => 'soolife',
  'work' => 'php',
  'address' => '山西省 太原市 杏花岭区',
  'message' => '是GV度开始改变速度和',
)
Mon 7 17:05:08 [INFO] array (
  'name' => '孙单单',
  'tel' => '18238326201',
  'company' => 'soolife',
  'work' => 'php',
  'address' => '山西省 太原市 杏花岭区',
  'message' => '是GV度开始改变速度和',
)
Mon 7 17:05:49 [INFO] array (
  'name' => '孙单单',
  'tel' => '18238326201',
  'company' => 'soolife',
  'work' => 'php',
  'address' => '山西省 太原市 杏花岭区',
  'message' => '是GV度开始改变速度和',
)
Mon 7 17:06:17 [INFO] array (
  'name' => '孙单单',
  'tel' => '18238326201',
  'company' => 'soolife',
  'work' => 'php',
  'address' => '山西省 太原市 杏花岭区',
  'message' => '是GV度开始改变速度和',
)
Mon 7 17:06:21 [INFO] array (
  'name' => '孙单单',
  'tel' => '18238326201',
  'company' => 'soolife',
  'work' => 'php',
  'address' => '山西省 太原市 杏花岭区',
  'message' => '是GV度开始改变速度和',
)
Mon 7 17:06:35 [INFO] array (
  'name' => '孙单单',
  'tel' => '18238326201',
  'company' => 'soolife',
  'work' => 'php',
  'address' => '山西省 太原市 杏花岭区',
  'message' => '是GV度开始改变速度和',
)
Mon 7 17:13:16 [INFO] array (
  'name' => '孙单单',
  'tel' => '18238326201',
  'company' => 'soolife',
  'work' => 'php',
  'address' => '山西省 太原市 杏花岭区',
  'message' => '是GV度开始改变速度和',
)
Mon 7 17:38:00 [INFO] array (
  'name' => '孙单单',
  'tel' => '18238326201',
  'company' => 'soolife',
  'work' => 'php',
  'address' => '山西省 太原市 杏花岭区',
  'message' => '是GV度开始改变速度和',
)
Mon 7 17:39:36 [INFO] array (
  'name' => '孙单单',
  'tel' => '18238326201',
  'company' => 'soolife',
  'work' => 'php',
  'address' => '山西省 太原市 杏花岭区',
  'message' => '是GV度开始改变速度和',
)
Mon 7 17:39:48 [INFO] array (
  'name' => '孙单单',
  'tel' => '18238326201',
  'company' => 'soolife',
  'work' => 'php',
  'address' => '山西省 太原市 杏花岭区',
  'message' => '是GV度开始改变速度和',
)
Mon 7 17:43:56 [INFO] array (
  'name' => '孙单单',
  'tel' => '18238326201',
  'company' => 'soolife',
  'work' => 'php',
  'address' => '山西省 太原市 杏花岭区',
  'message' => '是GV度开始改变速度和',
)
Mon 7 17:53:34 [INFO] array (
  'name' => '孙单单',
  'tel' => '18238326201',
  'company' => 'soolife',
  'work' => 'php',
  'address' => '山西省 太原市 杏花岭区',
  'message' => '是GV度开始改变速度和',
)
Mon 7 17:54:29 [INFO] array (
  'name' => '孙单单',
  'tel' => '18238326201',
  'company' => 'soolife',
  'work' => 'php',
  'address' => '山西省 太原市 杏花岭区',
  'message' => '是GV度开始改变速度和',
)
Mon 7 17:54:29 [INFO] array (
  'name' => '孙单单',
  'tel' => '18238326201',
  'company' => 'soolife',
  'work' => 'php',
  'address' => '山西省 太原市 杏花岭区',
  'message' => '是GV度开始改变速度和',
)
Mon 7 17:54:29 [INFO] array (
  'name' => '孙单单',
  'tel' => '18238326201',
  'company' => 'soolife',
  'work' => 'php',
  'address' => '山西省 太原市 杏花岭区',
  'message' => '是GV度开始改变速度和',
)
Mon 7 17:54:29 [INFO] array (
  'name' => '孙单单',
  'tel' => '18238326201',
  'company' => 'soolife',
  'work' => 'php',
  'address' => '山西省 太原市 杏花岭区',
  'message' => '是GV度开始改变速度和',
)
Mon 7 17:54:49 [INFO] array (
  'name' => '孙单单',
  'tel' => '18238326201',
  'company' => 'soolife',
  'work' => 'php',
  'address' => '山西省 太原市 杏花岭区',
  'message' => '是GV度开始改变速度和',
)
Mon 7 17:54:59 [INFO] array (
  'name' => '孙单单',
  'tel' => '18238326201',
  'company' => 'soolife',
  'work' => 'php',
  'address' => '山西省 太原市 杏花岭区',
  'message' => '是GV度开始改变速度和',
)
Mon 7 17:54:59 [INFO] array (
  'name' => '孙单单',
  'tel' => '18238326201',
  'company' => 'soolife',
  'work' => 'php',
  'address' => '山西省 太原市 杏花岭区',
  'message' => '是GV度开始改变速度和',
)
Mon 7 17:55:23 [INFO] array (
  'name' => '孙单单',
  'tel' => '18238326201',
  'company' => 'soolife',
  'work' => 'php',
  'address' => '山西省 太原市 杏花岭区',
  'message' => '是GV度开始改变速度和',
)
Mon 7 17:55:57 [INFO] array (
  'name' => '孙单单',
  'tel' => '18238326201',
  'company' => 'soolife',
  'work' => 'php',
  'address' => '山西省 太原市 杏花岭区',
  'message' => '是GV度开始改变速度和',
)
Mon 7 17:56:15 [INFO] array (
  'name' => '孙单单',
  'tel' => '18238326201',
  'company' => 'soolife',
  'work' => 'php',
  'address' => '山西省 太原市 杏花岭区',
  'message' => '是GV度开始改变速度和',
)
Mon 7 17:56:37 [INFO] array (
  'name' => '孙单单',
  'tel' => '18238326201',
  'company' => 'soolife',
  'work' => 'php',
  'address' => '山西省 太原市 杏花岭区',
  'message' => '是GV度开始改变速度和',
)
Mon 7 17:56:38 [INFO] array (
  'name' => '孙单单',
  'tel' => '18238326201',
  'company' => 'soolife',
  'work' => 'php',
  'address' => '山西省 太原市 杏花岭区',
  'message' => '是GV度开始改变速度和',
)
Mon 7 17:56:38 [INFO] array (
  'name' => '孙单单',
  'tel' => '18238326201',
  'company' => 'soolife',
  'work' => 'php',
  'address' => '山西省 太原市 杏花岭区',
  'message' => '是GV度开始改变速度和',
)
Mon 7 17:57:16 [INFO] array (
  'name' => '孙单单',
  'tel' => '18238326201',
  'company' => 'soolife',
  'work' => 'php',
  'address' => '山西省 太原市 杏花岭区',
  'message' => '是GV度开始改变速度和',
)
Mon 7 17:57:17 [INFO] array (
  'name' => '孙单单',
  'tel' => '18238326201',
  'company' => 'soolife',
  'work' => 'php',
  'address' => '山西省 太原市 杏花岭区',
  'message' => '是GV度开始改变速度和',
)
Mon 7 17:58:27 [INFO] array (
  'name' => '孙单单',
  'tel' => '18238326201',
  'company' => 'soolife',
  'work' => 'php',
  'address' => '山西省 太原市 杏花岭区',
  'message' => '是GV度开始改变速度和',
)
Mon 7 17:59:35 [INFO] array (
  'name' => '孙单单',
  'tel' => '18238326201',
  'company' => 'soolife',
  'work' => 'php',
  'address' => '山西省 太原市 杏花岭区',
  'message' => '是GV度开始改变速度和',
)
Mon 7 18:00:07 [INFO] array (
  'name' => '孙单单',
  'tel' => '18238326201',
  'company' => 'soolife',
  'work' => 'php',
  'address' => '山西省 太原市 杏花岭区',
  'message' => '是GV度开始改变速度和',
)
Mon 7 18:00:28 [INFO] array (
  'name' => '孙单单',
  'tel' => '18238326201',
  'company' => 'soolife',
  'work' => 'php',
  'address' => '山西省 太原市 杏花岭区',
  'message' => '是GV度开始改变速度和',
)
Mon 7 18:00:30 [INFO] array (
  'name' => '孙单单',
  'tel' => '18238326201',
  'company' => 'soolife',
  'work' => 'php',
  'address' => '山西省 太原市 杏花岭区',
  'message' => '是GV度开始改变速度和',
)
Mon 7 18:00:31 [INFO] array (
  'name' => '孙单单',
  'tel' => '18238326201',
  'company' => 'soolife',
  'work' => 'php',
  'address' => '山西省 太原市 杏花岭区',
  'message' => '是GV度开始改变速度和',
)
Mon 7 18:00:31 [INFO] array (
  'name' => '孙单单',
  'tel' => '18238326201',
  'company' => 'soolife',
  'work' => 'php',
  'address' => '山西省 太原市 杏花岭区',
  'message' => '是GV度开始改变速度和',
)
Mon 7 18:00:31 [INFO] array (
  'name' => '孙单单',
  'tel' => '18238326201',
  'company' => 'soolife',
  'work' => 'php',
  'address' => '山西省 太原市 杏花岭区',
  'message' => '是GV度开始改变速度和',
)
Mon 7 18:00:31 [INFO] array (
  'name' => '孙单单',
  'tel' => '18238326201',
  'company' => 'soolife',
  'work' => 'php',
  'address' => '山西省 太原市 杏花岭区',
  'message' => '是GV度开始改变速度和',
)
Mon 7 18:01:21 [INFO] array (
  'name' => '孙单单',
  'tel' => '18238326201',
  'company' => 'soolife',
  'work' => 'php',
  'address' => '山西省 太原市 杏花岭区',
  'message' => '是GV度开始改变速度和',
)
Mon 7 18:01:22 [INFO] array (
  'name' => '孙单单',
  'tel' => '18238326201',
  'company' => 'soolife',
  'work' => 'php',
  'address' => '山西省 太原市 杏花岭区',
  'message' => '是GV度开始改变速度和',
)
Mon 7 18:01:23 [INFO] array (
  'name' => '孙单单',
  'tel' => '18238326201',
  'company' => 'soolife',
  'work' => 'php',
  'address' => '山西省 太原市 杏花岭区',
  'message' => '是GV度开始改变速度和',
)
Mon 7 18:01:23 [INFO] array (
  'name' => '孙单单',
  'tel' => '18238326201',
  'company' => 'soolife',
  'work' => 'php',
  'address' => '山西省 太原市 杏花岭区',
  'message' => '是GV度开始改变速度和',
)
Mon 7 18:04:42 [INFO] array (
  'name' => '孙单单',
  'tel' => '18238326201',
  'company' => 'soolife',
  'work' => 'php',
  'address' => '山西省 太原市 杏花岭区',
  'message' => '是GV度开始改变速度和',
)
Mon 7 18:13:09 [INFO] array (
  'name' => '孙单单',
  'tel' => '18238326201',
  'company' => 'soolife',
  'work' => 'php',
  'address' => '山西省 太原市 杏花岭区',
  'message' => '是GV度开始改变速度和',
)
Mon 7 18:14:23 [INFO] array (
  'name' => '孙单单',
  'tel' => '18238326201',
  'company' => 'soolife',
  'work' => 'php',
  'address' => '山西省 太原市 杏花岭区',
  'message' => '是GV度开始改变速度和',
)
Mon 7 18:17:09 [INFO] array (
  'name' => '孙单单',
  'tel' => '18238326201',
  'company' => 'soolife',
  'work' => 'php',
  'address' => '山西省 太原市 杏花岭区',
  'message' => '是GV度开始改变速度和',
)
Mon 7 18:17:42 [INFO] array (
  'name' => '孙单单',
  'tel' => '18238326201',
  'company' => 'soolife',
  'work' => 'php',
  'address' => '山西省 太原市 杏花岭区',
  'message' => '是GV度开始改变速度和',
)
Mon 7 18:18:06 [INFO] array (
  'name' => '孙单单',
  'tel' => '18238326201',
  'company' => 'soolife',
  'work' => 'php',
  'address' => '山西省 太原市 杏花岭区',
  'message' => '是GV度开始改变速度和',
)
Mon 7 18:18:35 [INFO] array (
  'name' => '孙单单',
  'tel' => '18238326201',
  'company' => 'soolife',
  'work' => 'php',
  'address' => '山西省 太原市 杏花岭区',
  'message' => '是GV度开始改变速度和',
)
Mon 7 18:19:03 [INFO] array (
  'name' => '孙单单',
  'tel' => '18238326201',
  'company' => 'soolife',
  'work' => 'php',
  'address' => '山西省 太原市 杏花岭区',
  'message' => '是GV度开始改变速度和',
)
Mon 7 18:19:15 [INFO] array (
  'name' => '孙单单',
  'tel' => '18238326201',
  'company' => 'soolife',
  'work' => 'php',
  'address' => '山西省 太原市 杏花岭区',
  'message' => '是GV度开始改变速度和',
)
Mon 7 18:19:24 [INFO] array (
  'name' => '孙单单',
  'tel' => '18238326201',
  'company' => 'soolife',
  'work' => 'php',
  'address' => '山西省 太原市 杏花岭区',
  'message' => '是GV度开始改变速度和',
)
Mon 7 18:34:04 [INFO] array (
  'name' => '孙单单',
  'tel' => '18238326201',
  'company' => 'soolife',
  'work' => 'php',
  'address' => '辽宁省 沈阳市 和平区',
  'message' => '合适的覅是哦后收到回复开始的恢复和技术的',
)
Mon 7 18:38:44 [INFO] array (
  'name' => '孙单单',
  'tel' => '18238326201',
  'company' => 'soolife',
  'work' => 'php',
  'address' => '辽宁省 沈阳市 和平区',
  'message' => '合适的覅是哦后收到回复开始的恢复和技术的',
)
