Tue 22 20:00:15 [INFO] array (
  'message' => 'ceshihcisdhfcosudhfiuhsdfjb',
  'name' => '孙单单',
  'work' => 'php',
  'company' => 'soolife',
  'tel' => '18238326201',
  'address' => '北京市 市辖区 东城区',
  'a' => '1',
)
Tue 22 20:13:40 [INFO] array (
  'message' => '水电费水电费水电费GV',
  'name' => '级',
  'work' => '法国大使馆',
  'company' => '发给',
  'tel' => '23322332323',
  'address' => '北京市 市辖区 东城区',
  'a' => '1',
)
Tue 22 20:14:23 [INFO] array (
  'message' => '的说法都是发生的范德萨',
  'name' => '送祝福都是GV',
  'work' => '水电费水电费',
  'company' => '撒范德萨发',
  'tel' => '21212121212',
  'address' => '北京市 市辖区 东城区',
  'a' => '1',
)
Tue 22 20:19:47 [INFO] array (
  'message' => '撒旦法师法',
  'name' => '发斯蒂芬',
  'work' => '谁发的撒地方',
  'company' => '双方的第三方',
  'tel' => '12212211221',
  'address' => '北京市 市辖区 东城区',
  'a' => '1',
)
Tue 22 20:22:05 [INFO] array (
  'message' => '收到公司打工',
  'name' => '对方提供的人',
  'work' => '股份是豆腐干豆腐',
  'company' => '的风格的双方各',
  'tel' => '122212121',
  'address' => '北京市 市辖区 东城区',
  'a' => '1',
)
