Tue 26 09:51:31 [INFO] member_id：
Tue 26 09:51:31 [INFO] 30341247
Tue 26 09:51:31 [INFO] stdClass::__set_state(array(
   'member_id' => '30341247',
   'login_id' => '15316073328',
   'nickName' => '153****3328',
   'token' => 'ac4f016189e5e80fce5733e1ed5c4122',
   'type' => '1',
   'visit' => '0',
   'last_time' => 1506390666,
   'ip' => '103.214.84.243',
))
Tue 26 09:52:44 [INFO] member_id：
Tue 26 09:52:44 [INFO] 30341247
Tue 26 09:52:44 [INFO] stdClass::__set_state(array(
   'member_id' => '30341247',
   'login_id' => '15316073328',
   'nickName' => '153****3328',
   'token' => 'ac4f016189e5e80fce5733e1ed5c4122',
   'type' => '1',
   'visit' => '0',
   'last_time' => 1506390666,
   'ip' => '103.214.84.243',
))
Tue 26 09:53:22 [INFO] member_id：
Tue 26 09:53:22 [INFO] 30341247
Tue 26 09:53:22 [INFO] stdClass::__set_state(array(
   'member_id' => '30341247',
   'login_id' => '15316073328',
   'nickName' => '153****3328',
   'token' => 'ac4f016189e5e80fce5733e1ed5c4122',
   'type' => '1',
   'visit' => '0',
   'last_time' => 1506390666,
   'ip' => '103.214.84.243',
))
Tue 26 09:55:57 [INFO] member_id：
Tue 26 09:55:57 [INFO] 30341247
Tue 26 09:55:57 [INFO] stdClass::__set_state(array(
   'member_id' => '30341247',
   'login_id' => '15316073328',
   'nickName' => '153****3328',
   'token' => 'ac4f016189e5e80fce5733e1ed5c4122',
   'type' => '1',
   'visit' => '0',
   'last_time' => 1506390666,
   'ip' => '103.214.84.243',
))
Tue 26 14:51:15 [INFO] 
Tue 26 14:51:15 [INFO] 
Tue 26 15:01:20 [INFO] 
Tue 26 15:01:20 [INFO] 
Tue 26 15:11:47 [INFO] 
Tue 26 15:13:19 [INFO] 
Tue 26 15:14:08 [INFO] 
