Mon 3 15:17:48 [INFO] 200:stdClass::__set_state(array(
   'member_id' => '1021288',
   'login_id' => '13655513405',
   'nickName' => 'Elliot',
   'token' => 'b57b4b00cd378086e1dbecda8853b830',
   'type' => '1',
   'visit' => '449',
   'last_time' => 1499066268,
   'ip' => '103.214.84.243',
))
Mon 3 15:19:51 [INFO] 200:stdClass::__set_state(array(
   'member_id' => '1021288',
   'login_id' => '13655513405',
   'nickName' => 'Elliot',
   'token' => 'b57b4b00cd378086e1dbecda8853b830',
   'type' => '1',
   'visit' => '450',
   'last_time' => 1499066391,
   'ip' => '103.214.84.243',
))
Mon 3 15:22:07 [INFO] 200:stdClass::__set_state(array(
   'member_id' => '1021288',
   'login_id' => '13655513405',
   'nickName' => 'Elliot',
   'token' => 'b57b4b00cd378086e1dbecda8853b830',
   'type' => '1',
   'visit' => '451',
   'last_time' => 1499066527,
   'ip' => '103.214.84.243',
))
Mon 3 15:26:32 [INFO] 200:stdClass::__set_state(array(
   'member_id' => '1021288',
   'login_id' => '13655513405',
   'nickName' => 'Elliot',
   'token' => 'b57b4b00cd378086e1dbecda8853b830',
   'type' => '1',
   'visit' => '453',
   'last_time' => 1499066792,
   'ip' => '103.214.84.243',
))
Mon 3 15:30:48 [INFO] 200:stdClass::__set_state(array(
   'member_id' => '1021288',
   'login_id' => '13655513405',
   'nickName' => 'Elliot',
   'token' => 'b57b4b00cd378086e1dbecda8853b830',
   'type' => '1',
   'visit' => '454',
   'last_time' => 1499067048,
   'ip' => '103.214.84.243',
))
Mon 3 15:31:13 [INFO] 200:stdClass::__set_state(array(
   'member_id' => '1021288',
   'login_id' => '13655513405',
   'nickName' => 'Elliot',
   'token' => 'b57b4b00cd378086e1dbecda8853b830',
   'type' => '1',
   'visit' => '455',
   'last_time' => 1499067073,
   'ip' => '103.214.84.243',
))
Mon 3 15:32:56 [INFO] 200:stdClass::__set_state(array(
   'member_id' => '1021288',
   'login_id' => '13655513405',
   'nickName' => 'Elliot',
   'token' => 'b57b4b00cd378086e1dbecda8853b830',
   'type' => '1',
   'visit' => '456',
   'last_time' => 1499067176,
   'ip' => '103.214.84.243',
))
Mon 3 15:33:24 [INFO] 200:stdClass::__set_state(array(
   'member_id' => '1021288',
   'login_id' => '13655513405',
   'nickName' => 'Elliot',
   'token' => 'b57b4b00cd378086e1dbecda8853b830',
   'type' => '1',
   'visit' => '457',
   'last_time' => 1499067204,
   'ip' => '103.214.84.243',
))
Mon 3 15:35:07 [INFO] 200:stdClass::__set_state(array(
   'member_id' => '1021288',
   'login_id' => '13655513405',
   'nickName' => 'Elliot',
   'token' => 'b57b4b00cd378086e1dbecda8853b830',
   'type' => '1',
   'visit' => '458',
   'last_time' => 1499067307,
   'ip' => '103.214.84.243',
))
Mon 3 15:40:59 [INFO] 200:stdClass::__set_state(array(
   'member_id' => '1021288',
   'login_id' => '13655513405',
   'nickName' => 'Elliot',
   'token' => 'b57b4b00cd378086e1dbecda8853b830',
   'type' => '1',
   'visit' => '459',
   'last_time' => 1499067659,
   'ip' => '103.214.84.243',
))
Mon 3 15:44:20 [INFO] 200:stdClass::__set_state(array(
   'code' => 104,
   'login_info' => 
  stdClass::__set_state(array(
     'member_id' => '1021288',
     'login_id' => '13655513405',
     'nickName' => 'Elliot',
     'token' => 'b57b4b00cd378086e1dbecda8853b830',
     'type' => '1',
     'visit' => '460',
     'last_time' => 1499067860,
     'ip' => '103.214.84.243',
  )),
   'entry' => 
  stdClass::__set_state(array(
     'msg' => '登录成功',
     'key' => '',
  )),
))
Mon 3 15:45:33 [INFO] 200:stdClass::__set_state(array(
   'code' => 104,
   'login_info' => 
  stdClass::__set_state(array(
     'member_id' => '1021288',
     'login_id' => '13655513405',
     'nickName' => 'Elliot',
     'token' => 'b57b4b00cd378086e1dbecda8853b830',
     'type' => '1',
     'visit' => '462',
     'last_time' => 1499067933,
     'ip' => '103.214.84.243',
  )),
   'entry' => 
  stdClass::__set_state(array(
     'msg' => '登录成功',
     'key' => '',
  )),
))
Mon 3 15:48:14 [INFO] 200:stdClass::__set_state(array(
   'code' => 104,
   'login_info' => 
  stdClass::__set_state(array(
     'member_id' => '1021288',
     'login_id' => '13655513405',
     'nickName' => 'Elliot',
     'token' => 'b57b4b00cd378086e1dbecda8853b830',
     'type' => '1',
     'visit' => '463',
     'last_time' => 1499068094,
     'ip' => '103.214.84.243',
  )),
   'entry' => 
  stdClass::__set_state(array(
     'msg' => '登录成功',
     'key' => '',
  )),
))
Mon 3 15:48:35 [INFO] 200:stdClass::__set_state(array(
   'code' => 104,
   'login_info' => 
  stdClass::__set_state(array(
     'member_id' => '1021288',
     'login_id' => '13655513405',
     'nickName' => 'Elliot',
     'token' => 'b57b4b00cd378086e1dbecda8853b830',
     'type' => '1',
     'visit' => '464',
     'last_time' => 1499068115,
     'ip' => '103.214.84.243',
  )),
   'entry' => 
  stdClass::__set_state(array(
     'msg' => '登录成功',
     'key' => '',
  )),
))
Mon 3 15:48:42 [INFO] 200:stdClass::__set_state(array(
   'code' => 104,
   'login_info' => 
  stdClass::__set_state(array(
     'member_id' => '1021288',
     'login_id' => '13655513405',
     'nickName' => 'Elliot',
     'token' => 'b57b4b00cd378086e1dbecda8853b830',
     'type' => '1',
     'visit' => '465',
     'last_time' => 1499068122,
     'ip' => '103.214.84.243',
  )),
   'entry' => 
  stdClass::__set_state(array(
     'msg' => '登录成功',
     'key' => '',
  )),
))
Mon 3 15:59:12 [INFO] 200:stdClass::__set_state(array(
   'code' => 104,
   'login_info' => 
  stdClass::__set_state(array(
     'member_id' => '1021288',
     'login_id' => '13655513405',
     'nickName' => 'Elliot',
     'token' => 'b57b4b00cd378086e1dbecda8853b830',
     'type' => '1',
     'visit' => '467',
     'last_time' => 1499068752,
     'ip' => '103.214.84.243',
  )),
   'entry' => 
  stdClass::__set_state(array(
     'msg' => '登录成功',
     'key' => '',
  )),
))
Mon 3 15:59:14 [INFO] 200:stdClass::__set_state(array(
   'code' => 104,
   'login_info' => 
  stdClass::__set_state(array(
     'member_id' => '1021288',
     'login_id' => '13655513405',
     'nickName' => 'Elliot',
     'token' => 'b57b4b00cd378086e1dbecda8853b830',
     'type' => '1',
     'visit' => '468',
     'last_time' => 1499068754,
     'ip' => '103.214.84.243',
  )),
   'entry' => 
  stdClass::__set_state(array(
     'msg' => '登录成功',
     'key' => '',
  )),
))
Mon 3 15:59:16 [INFO] 200:stdClass::__set_state(array(
   'code' => 104,
   'login_info' => 
  stdClass::__set_state(array(
     'member_id' => '1021288',
     'login_id' => '13655513405',
     'nickName' => 'Elliot',
     'token' => 'b57b4b00cd378086e1dbecda8853b830',
     'type' => '1',
     'visit' => '469',
     'last_time' => 1499068756,
     'ip' => '103.214.84.243',
  )),
   'entry' => 
  stdClass::__set_state(array(
     'msg' => '登录成功',
     'key' => '',
  )),
))
Mon 3 15:59:18 [INFO] 200:stdClass::__set_state(array(
   'code' => 104,
   'login_info' => 
  stdClass::__set_state(array(
     'member_id' => '1021288',
     'login_id' => '13655513405',
     'nickName' => 'Elliot',
     'token' => 'b57b4b00cd378086e1dbecda8853b830',
     'type' => '1',
     'visit' => '470',
     'last_time' => 1499068758,
     'ip' => '103.214.84.243',
  )),
   'entry' => 
  stdClass::__set_state(array(
     'msg' => '登录成功',
     'key' => '',
  )),
))
Mon 3 15:59:19 [INFO] 200:stdClass::__set_state(array(
   'code' => 104,
   'login_info' => 
  stdClass::__set_state(array(
     'member_id' => '1021288',
     'login_id' => '13655513405',
     'nickName' => 'Elliot',
     'token' => 'b57b4b00cd378086e1dbecda8853b830',
     'type' => '1',
     'visit' => '471',
     'last_time' => 1499068759,
     'ip' => '103.214.84.243',
  )),
   'entry' => 
  stdClass::__set_state(array(
     'msg' => '登录成功',
     'key' => '',
  )),
))
Mon 3 15:59:19 [INFO] 200:stdClass::__set_state(array(
   'code' => 104,
   'login_info' => 
  stdClass::__set_state(array(
     'member_id' => '1021288',
     'login_id' => '13655513405',
     'nickName' => 'Elliot',
     'token' => 'b57b4b00cd378086e1dbecda8853b830',
     'type' => '1',
     'visit' => '472',
     'last_time' => 1499068759,
     'ip' => '103.214.84.243',
  )),
   'entry' => 
  stdClass::__set_state(array(
     'msg' => '登录成功',
     'key' => '',
  )),
))
Mon 3 15:59:19 [INFO] 200:stdClass::__set_state(array(
   'code' => 104,
   'login_info' => 
  stdClass::__set_state(array(
     'member_id' => '1021288',
     'login_id' => '13655513405',
     'nickName' => 'Elliot',
     'token' => 'b57b4b00cd378086e1dbecda8853b830',
     'type' => '1',
     'visit' => '473',
     'last_time' => 1499068759,
     'ip' => '103.214.84.243',
  )),
   'entry' => 
  stdClass::__set_state(array(
     'msg' => '登录成功',
     'key' => '',
  )),
))
Mon 3 15:59:20 [INFO] 200:stdClass::__set_state(array(
   'code' => 104,
   'login_info' => 
  stdClass::__set_state(array(
     'member_id' => '1021288',
     'login_id' => '13655513405',
     'nickName' => 'Elliot',
     'token' => 'b57b4b00cd378086e1dbecda8853b830',
     'type' => '1',
     'visit' => '474',
     'last_time' => 1499068760,
     'ip' => '103.214.84.243',
  )),
   'entry' => 
  stdClass::__set_state(array(
     'msg' => '登录成功',
     'key' => '',
  )),
))
Mon 3 15:59:20 [INFO] 200:stdClass::__set_state(array(
   'code' => 104,
   'login_info' => 
  stdClass::__set_state(array(
     'member_id' => '1021288',
     'login_id' => '13655513405',
     'nickName' => 'Elliot',
     'token' => 'b57b4b00cd378086e1dbecda8853b830',
     'type' => '1',
     'visit' => '475',
     'last_time' => 1499068760,
     'ip' => '103.214.84.243',
  )),
   'entry' => 
  stdClass::__set_state(array(
     'msg' => '登录成功',
     'key' => '',
  )),
))
Mon 3 15:59:20 [INFO] 200:stdClass::__set_state(array(
   'code' => 104,
   'login_info' => 
  stdClass::__set_state(array(
     'member_id' => '1021288',
     'login_id' => '13655513405',
     'nickName' => 'Elliot',
     'token' => 'b57b4b00cd378086e1dbecda8853b830',
     'type' => '1',
     'visit' => '476',
     'last_time' => 1499068760,
     'ip' => '103.214.84.243',
  )),
   'entry' => 
  stdClass::__set_state(array(
     'msg' => '登录成功',
     'key' => '',
  )),
))
Mon 3 15:59:20 [INFO] 200:stdClass::__set_state(array(
   'code' => 104,
   'login_info' => 
  stdClass::__set_state(array(
     'member_id' => '1021288',
     'login_id' => '13655513405',
     'nickName' => 'Elliot',
     'token' => 'b57b4b00cd378086e1dbecda8853b830',
     'type' => '1',
     'visit' => '477',
     'last_time' => 1499068760,
     'ip' => '103.214.84.243',
  )),
   'entry' => 
  stdClass::__set_state(array(
     'msg' => '登录成功',
     'key' => '',
  )),
))
Mon 3 15:59:20 [INFO] 200:stdClass::__set_state(array(
   'code' => 104,
   'login_info' => 
  stdClass::__set_state(array(
     'member_id' => '1021288',
     'login_id' => '13655513405',
     'nickName' => 'Elliot',
     'token' => 'b57b4b00cd378086e1dbecda8853b830',
     'type' => '1',
     'visit' => '478',
     'last_time' => 1499068760,
     'ip' => '103.214.84.243',
  )),
   'entry' => 
  stdClass::__set_state(array(
     'msg' => '登录成功',
     'key' => '',
  )),
))
Mon 3 15:59:21 [INFO] 200:stdClass::__set_state(array(
   'code' => 104,
   'login_info' => 
  stdClass::__set_state(array(
     'member_id' => '1021288',
     'login_id' => '13655513405',
     'nickName' => 'Elliot',
     'token' => 'b57b4b00cd378086e1dbecda8853b830',
     'type' => '1',
     'visit' => '479',
     'last_time' => 1499068760,
     'ip' => '103.214.84.243',
  )),
   'entry' => 
  stdClass::__set_state(array(
     'msg' => '登录成功',
     'key' => '',
  )),
))
Mon 3 15:59:21 [INFO] 200:stdClass::__set_state(array(
   'code' => 104,
   'login_info' => 
  stdClass::__set_state(array(
     'member_id' => '1021288',
     'login_id' => '13655513405',
     'nickName' => 'Elliot',
     'token' => 'b57b4b00cd378086e1dbecda8853b830',
     'type' => '1',
     'visit' => '480',
     'last_time' => 1499068761,
     'ip' => '103.214.84.243',
  )),
   'entry' => 
  stdClass::__set_state(array(
     'msg' => '登录成功',
     'key' => '',
  )),
))
Mon 3 15:59:21 [INFO] 200:stdClass::__set_state(array(
   'code' => 104,
   'login_info' => 
  stdClass::__set_state(array(
     'member_id' => '1021288',
     'login_id' => '13655513405',
     'nickName' => 'Elliot',
     'token' => 'b57b4b00cd378086e1dbecda8853b830',
     'type' => '1',
     'visit' => '481',
     'last_time' => 1499068761,
     'ip' => '103.214.84.243',
  )),
   'entry' => 
  stdClass::__set_state(array(
     'msg' => '登录成功',
     'key' => '',
  )),
))
Mon 3 15:59:21 [INFO] 200:stdClass::__set_state(array(
   'code' => 104,
   'login_info' => 
  stdClass::__set_state(array(
     'member_id' => '1021288',
     'login_id' => '13655513405',
     'nickName' => 'Elliot',
     'token' => 'b57b4b00cd378086e1dbecda8853b830',
     'type' => '1',
     'visit' => '482',
     'last_time' => 1499068761,
     'ip' => '103.214.84.243',
  )),
   'entry' => 
  stdClass::__set_state(array(
     'msg' => '登录成功',
     'key' => '',
  )),
))
Mon 3 15:59:21 [INFO] 200:stdClass::__set_state(array(
   'code' => 104,
   'login_info' => 
  stdClass::__set_state(array(
     'member_id' => '1021288',
     'login_id' => '13655513405',
     'nickName' => 'Elliot',
     'token' => 'b57b4b00cd378086e1dbecda8853b830',
     'type' => '1',
     'visit' => '483',
     'last_time' => 1499068761,
     'ip' => '103.214.84.243',
  )),
   'entry' => 
  stdClass::__set_state(array(
     'msg' => '登录成功',
     'key' => '',
  )),
))
Mon 3 15:59:22 [INFO] 200:stdClass::__set_state(array(
   'code' => 104,
   'login_info' => 
  stdClass::__set_state(array(
     'member_id' => '1021288',
     'login_id' => '13655513405',
     'nickName' => 'Elliot',
     'token' => 'b57b4b00cd378086e1dbecda8853b830',
     'type' => '1',
     'visit' => '484',
     'last_time' => 1499068762,
     'ip' => '103.214.84.243',
  )),
   'entry' => 
  stdClass::__set_state(array(
     'msg' => '登录成功',
     'key' => '',
  )),
))
Mon 3 15:59:22 [INFO] 200:stdClass::__set_state(array(
   'code' => 104,
   'login_info' => 
  stdClass::__set_state(array(
     'member_id' => '1021288',
     'login_id' => '13655513405',
     'nickName' => 'Elliot',
     'token' => 'b57b4b00cd378086e1dbecda8853b830',
     'type' => '1',
     'visit' => '485',
     'last_time' => 1499068762,
     'ip' => '103.214.84.243',
  )),
   'entry' => 
  stdClass::__set_state(array(
     'msg' => '登录成功',
     'key' => '',
  )),
))
Mon 3 15:59:22 [INFO] 200:stdClass::__set_state(array(
   'code' => 104,
   'login_info' => 
  stdClass::__set_state(array(
     'member_id' => '1021288',
     'login_id' => '13655513405',
     'nickName' => 'Elliot',
     'token' => 'b57b4b00cd378086e1dbecda8853b830',
     'type' => '1',
     'visit' => '486',
     'last_time' => 1499068762,
     'ip' => '103.214.84.243',
  )),
   'entry' => 
  stdClass::__set_state(array(
     'msg' => '登录成功',
     'key' => '',
  )),
))
Mon 3 15:59:22 [INFO] 200:stdClass::__set_state(array(
   'code' => 104,
   'login_info' => 
  stdClass::__set_state(array(
     'member_id' => '1021288',
     'login_id' => '13655513405',
     'nickName' => 'Elliot',
     'token' => 'b57b4b00cd378086e1dbecda8853b830',
     'type' => '1',
     'visit' => '487',
     'last_time' => 1499068762,
     'ip' => '103.214.84.243',
  )),
   'entry' => 
  stdClass::__set_state(array(
     'msg' => '登录成功',
     'key' => '',
  )),
))
Mon 3 15:59:24 [INFO] 200:stdClass::__set_state(array(
   'code' => 104,
   'login_info' => 
  stdClass::__set_state(array(
     'member_id' => '1021288',
     'login_id' => '13655513405',
     'nickName' => 'Elliot',
     'token' => 'b57b4b00cd378086e1dbecda8853b830',
     'type' => '1',
     'visit' => '488',
     'last_time' => 1499068764,
     'ip' => '103.214.84.243',
  )),
   'entry' => 
  stdClass::__set_state(array(
     'msg' => '登录成功',
     'key' => '',
  )),
))
Mon 3 15:59:36 [INFO] 200:stdClass::__set_state(array(
   'code' => 104,
   'login_info' => 
  stdClass::__set_state(array(
     'member_id' => '1021288',
     'login_id' => '13655513405',
     'nickName' => 'Elliot',
     'token' => 'b57b4b00cd378086e1dbecda8853b830',
     'type' => '1',
     'visit' => '489',
     'last_time' => 1499068776,
     'ip' => '103.214.84.243',
  )),
   'entry' => 
  stdClass::__set_state(array(
     'msg' => '登录成功',
     'key' => '',
  )),
))
Mon 3 15:59:38 [INFO] 200:stdClass::__set_state(array(
   'code' => 104,
   'login_info' => 
  stdClass::__set_state(array(
     'member_id' => '1021288',
     'login_id' => '13655513405',
     'nickName' => 'Elliot',
     'token' => 'b57b4b00cd378086e1dbecda8853b830',
     'type' => '1',
     'visit' => '490',
     'last_time' => 1499068778,
     'ip' => '103.214.84.243',
  )),
   'entry' => 
  stdClass::__set_state(array(
     'msg' => '登录成功',
     'key' => '',
  )),
))
Mon 3 15:59:39 [INFO] 200:stdClass::__set_state(array(
   'code' => 104,
   'login_info' => 
  stdClass::__set_state(array(
     'member_id' => '1021288',
     'login_id' => '13655513405',
     'nickName' => 'Elliot',
     'token' => 'b57b4b00cd378086e1dbecda8853b830',
     'type' => '1',
     'visit' => '491',
     'last_time' => 1499068779,
     'ip' => '103.214.84.243',
  )),
   'entry' => 
  stdClass::__set_state(array(
     'msg' => '登录成功',
     'key' => '',
  )),
))
Mon 3 15:59:39 [INFO] 200:stdClass::__set_state(array(
   'code' => 104,
   'login_info' => 
  stdClass::__set_state(array(
     'member_id' => '1021288',
     'login_id' => '13655513405',
     'nickName' => 'Elliot',
     'token' => 'b57b4b00cd378086e1dbecda8853b830',
     'type' => '1',
     'visit' => '492',
     'last_time' => 1499068779,
     'ip' => '103.214.84.243',
  )),
   'entry' => 
  stdClass::__set_state(array(
     'msg' => '登录成功',
     'key' => '',
  )),
))
Mon 3 15:59:39 [INFO] 200:stdClass::__set_state(array(
   'code' => 104,
   'login_info' => 
  stdClass::__set_state(array(
     'member_id' => '1021288',
     'login_id' => '13655513405',
     'nickName' => 'Elliot',
     'token' => 'b57b4b00cd378086e1dbecda8853b830',
     'type' => '1',
     'visit' => '493',
     'last_time' => 1499068779,
     'ip' => '103.214.84.243',
  )),
   'entry' => 
  stdClass::__set_state(array(
     'msg' => '登录成功',
     'key' => '',
  )),
))
Mon 3 15:59:40 [INFO] 200:stdClass::__set_state(array(
   'code' => 104,
   'login_info' => 
  stdClass::__set_state(array(
     'member_id' => '1021288',
     'login_id' => '13655513405',
     'nickName' => 'Elliot',
     'token' => 'b57b4b00cd378086e1dbecda8853b830',
     'type' => '1',
     'visit' => '494',
     'last_time' => 1499068780,
     'ip' => '103.214.84.243',
  )),
   'entry' => 
  stdClass::__set_state(array(
     'msg' => '登录成功',
     'key' => '',
  )),
))
Mon 3 15:59:40 [INFO] 200:stdClass::__set_state(array(
   'code' => 104,
   'login_info' => 
  stdClass::__set_state(array(
     'member_id' => '1021288',
     'login_id' => '13655513405',
     'nickName' => 'Elliot',
     'token' => 'b57b4b00cd378086e1dbecda8853b830',
     'type' => '1',
     'visit' => '495',
     'last_time' => 1499068780,
     'ip' => '103.214.84.243',
  )),
   'entry' => 
  stdClass::__set_state(array(
     'msg' => '登录成功',
     'key' => '',
  )),
))
Mon 3 15:59:54 [INFO] 200:stdClass::__set_state(array(
   'code' => 104,
   'login_info' => 
  stdClass::__set_state(array(
     'member_id' => '1021288',
     'login_id' => '13655513405',
     'nickName' => 'Elliot',
     'token' => 'b57b4b00cd378086e1dbecda8853b830',
     'type' => '1',
     'visit' => '496',
     'last_time' => 1499068794,
     'ip' => '103.214.84.243',
  )),
   'entry' => 
  stdClass::__set_state(array(
     'msg' => '登录成功',
     'key' => '',
  )),
))
Mon 3 16:01:32 [INFO] 200:stdClass::__set_state(array(
   'code' => 104,
   'login_info' => 
  stdClass::__set_state(array(
     'member_id' => '1021288',
     'login_id' => '13655513405',
     'nickName' => 'Elliot',
     'token' => 'b57b4b00cd378086e1dbecda8853b830',
     'type' => '1',
     'visit' => '498',
     'last_time' => 1499068892,
     'ip' => '103.214.84.243',
  )),
   'entry' => 
  stdClass::__set_state(array(
     'msg' => '登录成功',
     'key' => '',
  )),
))
Mon 3 17:02:23 [INFO] 200:stdClass::__set_state(array(
   'code' => 104,
   'login_info' => 
  stdClass::__set_state(array(
     'member_id' => '30136396',
     'login_id' => '18502105415',
     'nickName' => '185****5415',
     'token' => '9b157ad23bf6ea05d500ac6641ab3926',
     'type' => '1',
     'visit' => '179',
     'last_time' => 1499072543,
     'ip' => '103.214.84.243',
  )),
   'entry' => 
  stdClass::__set_state(array(
     'msg' => '登录成功',
     'key' => '',
  )),
))
Mon 3 17:05:23 [INFO] 200:stdClass::__set_state(array(
   'code' => 104,
   'login_info' => 
  stdClass::__set_state(array(
     'member_id' => '30136396',
     'login_id' => '18502105415',
     'nickName' => '185****5415',
     'token' => '9b157ad23bf6ea05d500ac6641ab3926',
     'type' => '1',
     'visit' => '180',
     'last_time' => 1499072723,
     'ip' => '103.214.84.243',
  )),
   'entry' => 
  stdClass::__set_state(array(
     'msg' => '登录成功',
     'key' => '',
  )),
))
Mon 3 17:06:35 [INFO] 200:stdClass::__set_state(array(
   'code' => 104,
   'login_info' => 
  stdClass::__set_state(array(
     'member_id' => '30136396',
     'login_id' => '18502105415',
     'nickName' => '185****5415',
     'token' => '9b157ad23bf6ea05d500ac6641ab3926',
     'type' => '1',
     'visit' => '181',
     'last_time' => 1499072795,
     'ip' => '103.214.84.243',
  )),
   'entry' => 
  stdClass::__set_state(array(
     'msg' => '登录成功',
     'key' => '',
  )),
))
Mon 3 17:10:30 [INFO] 200:stdClass::__set_state(array(
   'code' => 104,
   'login_info' => 
  stdClass::__set_state(array(
     'member_id' => '30136396',
     'login_id' => '18502105415',
     'nickName' => '185****5415',
     'token' => '9b157ad23bf6ea05d500ac6641ab3926',
     'type' => '1',
     'visit' => '182',
     'last_time' => 1499073030,
     'ip' => '103.214.84.243',
  )),
   'entry' => 
  stdClass::__set_state(array(
     'msg' => '登录成功',
     'key' => '',
  )),
))
Mon 3 17:23:51 [INFO] 200:stdClass::__set_state(array(
   'code' => 104,
   'login_info' => 
  stdClass::__set_state(array(
     'member_id' => '30136396',
     'login_id' => '18502105415',
     'nickName' => '185****5415',
     'token' => '9b157ad23bf6ea05d500ac6641ab3926',
     'type' => '1',
     'visit' => '183',
     'last_time' => 1499073831,
     'ip' => '103.214.84.243',
  )),
   'entry' => 
  stdClass::__set_state(array(
     'msg' => '登录成功',
     'key' => '',
  )),
))
Mon 3 17:47:02 [INFO] 200:stdClass::__set_state(array(
   'code' => 104,
   'login_info' => 
  stdClass::__set_state(array(
     'member_id' => '30001209',
     'login_id' => '17317227519',
     'nickName' => '173****7519',
     'token' => 'fc9b1903bdf7b64a51e6e9ea4eccc0f7',
     'type' => '1',
     'visit' => '265',
     'last_time' => 1499075222,
     'ip' => '103.214.84.243',
  )),
   'entry' => 
  stdClass::__set_state(array(
     'msg' => '登录成功',
     'key' => '',
  )),
))
Mon 3 19:13:47 [INFO] 200:stdClass::__set_state(array(
   'code' => 104,
   'login_info' => 
  stdClass::__set_state(array(
     'member_id' => '1021288',
     'login_id' => '13655513405',
     'nickName' => 'Elliot',
     'token' => 'b57b4b00cd378086e1dbecda8853b830',
     'type' => '1',
     'visit' => '499',
     'last_time' => 1499080427,
     'ip' => '103.214.84.243',
  )),
   'entry' => 
  stdClass::__set_state(array(
     'msg' => '登录成功',
     'key' => '',
  )),
))
