Tue 4 09:21:19 [INFO] 200:stdClass::__set_state(array(
   'code' => 104,
   'login_info' => 
  stdClass::__set_state(array(
     'member_id' => '30001202',
     'login_id' => '18896717435',
     'nickName' => '平安',
     'token' => '228fc818929e3b534aa28f0f39d8b942',
     'type' => '1',
     'visit' => '1300',
     'last_time' => 1499131279,
     'ip' => '103.214.84.243',
  )),
   'entry' => 
  stdClass::__set_state(array(
     'msg' => '登录成功',
     'key' => '',
  )),
))
Tue 4 09:21:21 [INFO] 200:stdClass::__set_state(array(
   'code' => 104,
   'login_info' => 
  stdClass::__set_state(array(
     'member_id' => '30001202',
     'login_id' => '18896717435',
     'nickName' => '平安',
     'token' => '228fc818929e3b534aa28f0f39d8b942',
     'type' => '1',
     'visit' => '1301',
     'last_time' => 1499131281,
     'ip' => '103.214.84.243',
  )),
   'entry' => 
  stdClass::__set_state(array(
     'msg' => '登录成功',
     'key' => '',
  )),
))
Tue 4 15:00:53 [INFO] 200:stdClass::__set_state(array(
   'code' => 104,
   'login_info' => 
  stdClass::__set_state(array(
     'member_id' => '1021288',
     'login_id' => '13655513405',
     'nickName' => 'Elliot',
     'token' => 'b57b4b00cd378086e1dbecda8853b830',
     'type' => '1',
     'visit' => '510',
     'last_time' => 1499151653,
     'ip' => '103.214.84.243',
  )),
   'entry' => 
  stdClass::__set_state(array(
     'msg' => '登录成功',
     'key' => '',
  )),
))
Tue 4 15:27:38 [INFO] 200:stdClass::__set_state(array(
   'code' => 104,
   'login_info' => 
  stdClass::__set_state(array(
     'member_id' => '1021288',
     'login_id' => '13655513405',
     'nickName' => 'Elliot',
     'token' => 'b57b4b00cd378086e1dbecda8853b830',
     'type' => '1',
     'visit' => '512',
     'last_time' => 1499153258,
     'ip' => '103.214.84.243',
  )),
   'entry' => 
  stdClass::__set_state(array(
     'msg' => '登录成功',
     'key' => '',
  )),
))
Tue 4 16:36:28 [INFO] 200:stdClass::__set_state(array(
   'code' => 104,
   'login_info' => 
  stdClass::__set_state(array(
     'member_id' => '30001202',
     'login_id' => '18896717435',
     'nickName' => '平安',
     'token' => '228fc818929e3b534aa28f0f39d8b942',
     'type' => '1',
     'visit' => '1315',
     'last_time' => 1499157388,
     'ip' => '103.214.84.243',
  )),
   'entry' => 
  stdClass::__set_state(array(
     'msg' => '登录成功',
     'key' => '',
  )),
))
Tue 4 16:41:40 [INFO] 200:stdClass::__set_state(array(
   'code' => 104,
   'login_info' => 
  stdClass::__set_state(array(
     'member_id' => '30001209',
     'login_id' => '17317227519',
     'nickName' => '173****7519',
     'token' => 'fc9b1903bdf7b64a51e6e9ea4eccc0f7',
     'type' => '1',
     'visit' => '266',
     'last_time' => 1499157700,
     'ip' => '103.214.84.243',
  )),
   'entry' => 
  stdClass::__set_state(array(
     'msg' => '登录成功',
     'key' => '',
  )),
))
Tue 4 16:42:01 [INFO] 200:stdClass::__set_state(array(
   'code' => 104,
   'login_info' => 
  stdClass::__set_state(array(
     'member_id' => '30001209',
     'login_id' => '17317227519',
     'nickName' => '173****7519',
     'token' => 'fc9b1903bdf7b64a51e6e9ea4eccc0f7',
     'type' => '1',
     'visit' => '267',
     'last_time' => 1499157721,
     'ip' => '103.214.84.243',
  )),
   'entry' => 
  stdClass::__set_state(array(
     'msg' => '登录成功',
     'key' => '',
  )),
))
Tue 4 17:17:39 [INFO] 200:stdClass::__set_state(array(
   'code' => 104,
   'login_info' => 
  stdClass::__set_state(array(
     'member_id' => '30001209',
     'login_id' => '17317227519',
     'nickName' => '173****7519',
     'token' => 'fc9b1903bdf7b64a51e6e9ea4eccc0f7',
     'type' => '1',
     'visit' => '268',
     'last_time' => 1499159859,
     'ip' => '103.214.84.243',
  )),
   'entry' => 
  stdClass::__set_state(array(
     'msg' => '登录成功',
     'key' => '',
  )),
))
Tue 4 17:28:46 [INFO] 200:stdClass::__set_state(array(
   'code' => 104,
   'login_info' => 
  stdClass::__set_state(array(
     'member_id' => '30001202',
     'login_id' => '18896717435',
     'nickName' => '平安',
     'token' => '228fc818929e3b534aa28f0f39d8b942',
     'type' => '1',
     'visit' => '1321',
     'last_time' => 1499160526,
     'ip' => '103.214.84.243',
  )),
   'entry' => 
  stdClass::__set_state(array(
     'msg' => '登录成功',
     'key' => '',
  )),
))
Tue 4 17:52:19 [INFO] 200:stdClass::__set_state(array(
   'code' => 104,
   'login_info' => 
  stdClass::__set_state(array(
     'member_id' => '30001209',
     'login_id' => '17317227519',
     'nickName' => '173****7519',
     'token' => 'fc9b1903bdf7b64a51e6e9ea4eccc0f7',
     'type' => '1',
     'visit' => '269',
     'last_time' => 1499161939,
     'ip' => '103.214.84.243',
  )),
   'entry' => 
  stdClass::__set_state(array(
     'msg' => '登录成功',
     'key' => '',
  )),
))
